<?xml version="1.0" encoding="UTF-8"?>
<testsuite xmlns:xsi="http://www.w3.org/2001/XMLSchema-instance" xsi:noNamespaceSchemaLocation="https://maven.apache.org/surefire/maven-surefire-plugin/xsd/surefire-test-report.xsd" name="com.shop.Apotheke.stepdefs.apothekeRunnerTest" time="431.307" tests="6" errors="1" skipped="0" failures="0">
  <properties>
[...]
</properties>
  <testcase name="User should be able to login into Apotheke site using valid credentials." classname="Login to Apotheke site with valid credentials" time="73.045"/>
  <testcase name="User should be able to login into Apotheke site using valid credentials." classname="Login to Apotheke site with valid credentials" time="85.936"/>
  <testcase name="User should observe an error message when invalid credentials are entered." classname="Login to Apotheke site with valid credentials" time="36.48"/>
  <testcase name="User should observe an error message when invalid credentials are entered." classname="Login to Apotheke site with valid credentials" time="76.566">
    <error type="java.lang.NullPointerException">java.lang.NullPointerException
</error>
    <system-out><![CDATA[This is the path of the test data file : D:\Selenium Total\workspace\Apotheke\TestData\TestCasesNew.xls
TC_05
{Test Case Name=User should observe an error message when invalid credentials are entered., BROWSER=firefox, MONTH=, PASSWORD=test123, YEAR=, EMAIL=ftest@gmail.com, LAST_NAME=, TestCase_ID=TC_05, DAY=, URL=https://www.shop-apotheke.com/nl/login.htm, FIRST_NAME=}
getTestData method completed...
]]></system-out>
    <system-err><![CDATA[1632046964318	geckodriver	INFO	Listening on 127.0.0.1:25850
1632046964751	mozrunner::runner	INFO	Running command: "C:\\Program Files\\Mozilla Firefox\\firefox.exe" "--marionette" "-foreground" "-no-remote" "-profile" "C:\\Users\\MLN\\AppData\\Local\\Temp\\rust_mozprofilevn20kS"
1632046969349	Marionette	INFO	Marionette enabled
console.warn: SearchSettings: "get: No settings file exists, new profile?" (new NotFoundError("Could not open the file at C:\\Users\\MLN\\AppData\\Local\\Temp\\rust_mozprofilevn20kS\\search.json.mozlz4", (void 0)))
console.error: Region.jsm: "Error fetching region" (new Error("TIMEOUT", "resource://gre/modules/Region.jsm", 772))
console.error: Region.jsm: "Failed to fetch region" (new Error("TIMEOUT", "resource://gre/modules/Region.jsm", 419))
1632046985592	Marionette	INFO	Listening on port 51233
1632046990634	RemoteAgent	WARN	TLS certificate errors will be ignored for this session
Sep 19, 2021 12:23:11 PM org.openqa.selenium.remote.ProtocolHandshake createSession
INFO: Detected dialect: W3C
JavaScript warning: https://www.googletagmanager.com/gtm.js?id=GTM-TH5HHR, line 384: unreachable code after return statement
log4j:WARN No appenders could be found for logger (com.shop.Apotheke.utils.utils).
log4j:WARN Please initialize the log4j system properly.
]]></system-err>
  </testcase>
  <testcase name="User should be able to create a new account with shop Apotheke." classname="Register with new user" time="60.73"/>
  <testcase name="User should be able to create a new account with shop Apotheke." classname="Register with new user" time="96.381"/>
</testsuite>